

Started GET "/" for ::1 at 2015-10-28 14:10:58 -0400

Gem::LoadError (Specified 'sqlite3' for database adapter, but the gem is not loaded. Add `gem 'sqlite3'` to your Gemfile (and ensure its version is at the minimum required by ActiveRecord).):
  activerecord (4.2.4) lib/active_record/connection_adapters/connection_specification.rb:177:in `rescue in spec'
  activerecord (4.2.4) lib/active_record/connection_adapters/connection_specification.rb:174:in `spec'
  activerecord (4.2.4) lib/active_record/connection_handling.rb:50:in `establish_connection'
  activerecord (4.2.4) lib/active_record/railtie.rb:120:in `block (2 levels) in <class:Railtie>'
  activesupport (4.2.4) lib/active_support/lazy_load_hooks.rb:38:in `instance_eval'
  activesupport (4.2.4) lib/active_support/lazy_load_hooks.rb:38:in `execute_hook'
  activesupport (4.2.4) lib/active_support/lazy_load_hooks.rb:45:in `block in run_load_hooks'
  activesupport (4.2.4) lib/active_support/lazy_load_hooks.rb:44:in `each'
  activesupport (4.2.4) lib/active_support/lazy_load_hooks.rb:44:in `run_load_hooks'
  activerecord (4.2.4) lib/active_record/base.rb:315:in `<module:ActiveRecord>'
  activerecord (4.2.4) lib/active_record/base.rb:26:in `<top (required)>'
  activerecord (4.2.4) lib/active_record/migration.rb:383:in `connection'
  activerecord (4.2.4) lib/active_record/migration.rb:370:in `call'
  actionpack (4.2.4) lib/action_dispatch/middleware/callbacks.rb:29:in `block in call'
  activesupport (4.2.4) lib/active_support/callbacks.rb:88:in `__run_callbacks__'
  activesupport (4.2.4) lib/active_support/callbacks.rb:778:in `_run_call_callbacks'
  activesupport (4.2.4) lib/active_support/callbacks.rb:81:in `run_callbacks'
  actionpack (4.2.4) lib/action_dispatch/middleware/callbacks.rb:27:in `call'
  actionpack (4.2.4) lib/action_dispatch/middleware/reloader.rb:73:in `call'
  actionpack (4.2.4) lib/action_dispatch/middleware/remote_ip.rb:78:in `call'
  actionpack (4.2.4) lib/action_dispatch/middleware/debug_exceptions.rb:17:in `call'
  web-console (2.2.1) lib/web_console/middleware.rb:39:in `call'
  actionpack (4.2.4) lib/action_dispatch/middleware/show_exceptions.rb:30:in `call'
  railties (4.2.4) lib/rails/rack/logger.rb:38:in `call_app'
  railties (4.2.4) lib/rails/rack/logger.rb:20:in `block in call'
  activesupport (4.2.4) lib/active_support/tagged_logging.rb:68:in `block in tagged'
  activesupport (4.2.4) lib/active_support/tagged_logging.rb:26:in `tagged'
  activesupport (4.2.4) lib/active_support/tagged_logging.rb:68:in `tagged'
  railties (4.2.4) lib/rails/rack/logger.rb:20:in `call'
  actionpack (4.2.4) lib/action_dispatch/middleware/request_id.rb:21:in `call'
  rack (1.6.4) lib/rack/methodoverride.rb:22:in `call'
  rack (1.6.4) lib/rack/runtime.rb:18:in `call'
  activesupport (4.2.4) lib/active_support/cache/strategy/local_cache_middleware.rb:28:in `call'
  rack (1.6.4) lib/rack/lock.rb:17:in `call'
  actionpack (4.2.4) lib/action_dispatch/middleware/static.rb:116:in `call'
  rack (1.6.4) lib/rack/sendfile.rb:113:in `call'
  railties (4.2.4) lib/rails/engine.rb:518:in `call'
  railties (4.2.4) lib/rails/application.rb:165:in `call'
  rack (1.6.4) lib/rack/lock.rb:17:in `call'
  rack (1.6.4) lib/rack/content_length.rb:15:in `call'
  rack (1.6.4) lib/rack/handler/webrick.rb:88:in `service'
  /Users/Brendan/.rvm/rubies/ruby-2.2.3/lib/ruby/2.2.0/webrick/httpserver.rb:138:in `service'
  /Users/Brendan/.rvm/rubies/ruby-2.2.3/lib/ruby/2.2.0/webrick/httpserver.rb:94:in `run'
  /Users/Brendan/.rvm/rubies/ruby-2.2.3/lib/ruby/2.2.0/webrick/server.rb:294:in `block in start_thread'


  Rendered /Users/Brendan/.rvm/gems/ruby-2.2.3@final_project/gems/actionpack-4.2.4/lib/action_dispatch/middleware/templates/rescues/_source.erb (4.9ms)
  Rendered /Users/Brendan/.rvm/gems/ruby-2.2.3@final_project/gems/actionpack-4.2.4/lib/action_dispatch/middleware/templates/rescues/_trace.html.erb (2.4ms)
  Rendered /Users/Brendan/.rvm/gems/ruby-2.2.3@final_project/gems/actionpack-4.2.4/lib/action_dispatch/middleware/templates/rescues/_request_and_response.html.erb (1.3ms)
  Rendered /Users/Brendan/.rvm/gems/ruby-2.2.3@final_project/gems/actionpack-4.2.4/lib/action_dispatch/middleware/templates/rescues/diagnostics.html.erb within rescues/layout (108.4ms)
  Rendered /Users/Brendan/.rvm/gems/ruby-2.2.3@final_project/gems/web-console-2.2.1/lib/web_console/templates/_markup.html.erb (0.5ms)
  Rendered /Users/Brendan/.rvm/gems/ruby-2.2.3@final_project/gems/web-console-2.2.1/lib/web_console/templates/_inner_console_markup.html.erb within layouts/inlined_string (0.4ms)
  Rendered /Users/Brendan/.rvm/gems/ruby-2.2.3@final_project/gems/web-console-2.2.1/lib/web_console/templates/_prompt_box_markup.html.erb within layouts/inlined_string (0.4ms)
  Rendered /Users/Brendan/.rvm/gems/ruby-2.2.3@final_project/gems/web-console-2.2.1/lib/web_console/templates/style.css.erb within layouts/inlined_string (0.4ms)
  Rendered /Users/Brendan/.rvm/gems/ruby-2.2.3@final_project/gems/web-console-2.2.1/lib/web_console/templates/console.js.erb within layouts/javascript (86.4ms)
  Rendered /Users/Brendan/.rvm/gems/ruby-2.2.3@final_project/gems/web-console-2.2.1/lib/web_console/templates/main.js.erb within layouts/javascript (0.4ms)
  Rendered /Users/Brendan/.rvm/gems/ruby-2.2.3@final_project/gems/web-console-2.2.1/lib/web_console/templates/error_page.js.erb within layouts/javascript (0.6ms)
  Rendered /Users/Brendan/.rvm/gems/ruby-2.2.3@final_project/gems/web-console-2.2.1/lib/web_console/templates/index.html.erb (195.4ms)


Started GET "/" for ::1 at 2015-10-28 14:11:16 -0400

Gem::LoadError (Specified 'sqlite3' for database adapter, but the gem is not loaded. Add `gem 'sqlite3'` to your Gemfile (and ensure its version is at the minimum required by ActiveRecord).):
  activerecord (4.2.4) lib/active_record/connection_adapters/connection_specification.rb:177:in `rescue in spec'
  activerecord (4.2.4) lib/active_record/connection_adapters/connection_specification.rb:174:in `spec'
  activerecord (4.2.4) lib/active_record/connection_handling.rb:50:in `establish_connection'
  activerecord (4.2.4) lib/active_record/railtie.rb:120:in `block (2 levels) in <class:Railtie>'
  activesupport (4.2.4) lib/active_support/lazy_load_hooks.rb:38:in `instance_eval'
  activesupport (4.2.4) lib/active_support/lazy_load_hooks.rb:38:in `execute_hook'
  activesupport (4.2.4) lib/active_support/lazy_load_hooks.rb:45:in `block in run_load_hooks'
  activesupport (4.2.4) lib/active_support/lazy_load_hooks.rb:44:in `each'
  activesupport (4.2.4) lib/active_support/lazy_load_hooks.rb:44:in `run_load_hooks'
  activerecord (4.2.4) lib/active_record/base.rb:315:in `<module:ActiveRecord>'
  activerecord (4.2.4) lib/active_record/base.rb:26:in `<top (required)>'
  activerecord (4.2.4) lib/active_record/migration.rb:383:in `connection'
  activerecord (4.2.4) lib/active_record/migration.rb:370:in `call'
  actionpack (4.2.4) lib/action_dispatch/middleware/callbacks.rb:29:in `block in call'
  activesupport (4.2.4) lib/active_support/callbacks.rb:88:in `__run_callbacks__'
  activesupport (4.2.4) lib/active_support/callbacks.rb:778:in `_run_call_callbacks'
  activesupport (4.2.4) lib/active_support/callbacks.rb:81:in `run_callbacks'
  actionpack (4.2.4) lib/action_dispatch/middleware/callbacks.rb:27:in `call'
  actionpack (4.2.4) lib/action_dispatch/middleware/reloader.rb:73:in `call'
  actionpack (4.2.4) lib/action_dispatch/middleware/remote_ip.rb:78:in `call'
  actionpack (4.2.4) lib/action_dispatch/middleware/debug_exceptions.rb:17:in `call'
  web-console (2.2.1) lib/web_console/middleware.rb:39:in `call'
  actionpack (4.2.4) lib/action_dispatch/middleware/show_exceptions.rb:30:in `call'
  railties (4.2.4) lib/rails/rack/logger.rb:38:in `call_app'
  railties (4.2.4) lib/rails/rack/logger.rb:20:in `block in call'
  activesupport (4.2.4) lib/active_support/tagged_logging.rb:68:in `block in tagged'
  activesupport (4.2.4) lib/active_support/tagged_logging.rb:26:in `tagged'
  activesupport (4.2.4) lib/active_support/tagged_logging.rb:68:in `tagged'
  railties (4.2.4) lib/rails/rack/logger.rb:20:in `call'
  actionpack (4.2.4) lib/action_dispatch/middleware/request_id.rb:21:in `call'
  rack (1.6.4) lib/rack/methodoverride.rb:22:in `call'
  rack (1.6.4) lib/rack/runtime.rb:18:in `call'
  activesupport (4.2.4) lib/active_support/cache/strategy/local_cache_middleware.rb:28:in `call'
  rack (1.6.4) lib/rack/lock.rb:17:in `call'
  actionpack (4.2.4) lib/action_dispatch/middleware/static.rb:116:in `call'
  rack (1.6.4) lib/rack/sendfile.rb:113:in `call'
  railties (4.2.4) lib/rails/engine.rb:518:in `call'
  railties (4.2.4) lib/rails/application.rb:165:in `call'
  rack (1.6.4) lib/rack/lock.rb:17:in `call'
  rack (1.6.4) lib/rack/content_length.rb:15:in `call'
  rack (1.6.4) lib/rack/handler/webrick.rb:88:in `service'
  /Users/Brendan/.rvm/rubies/ruby-2.2.3/lib/ruby/2.2.0/webrick/httpserver.rb:138:in `service'
  /Users/Brendan/.rvm/rubies/ruby-2.2.3/lib/ruby/2.2.0/webrick/httpserver.rb:94:in `run'
  /Users/Brendan/.rvm/rubies/ruby-2.2.3/lib/ruby/2.2.0/webrick/server.rb:294:in `block in start_thread'


  Rendered /Users/Brendan/.rvm/gems/ruby-2.2.3@final_project/gems/actionpack-4.2.4/lib/action_dispatch/middleware/templates/rescues/_source.erb (4.8ms)
  Rendered /Users/Brendan/.rvm/gems/ruby-2.2.3@final_project/gems/actionpack-4.2.4/lib/action_dispatch/middleware/templates/rescues/_trace.html.erb (2.5ms)
  Rendered /Users/Brendan/.rvm/gems/ruby-2.2.3@final_project/gems/actionpack-4.2.4/lib/action_dispatch/middleware/templates/rescues/_request_and_response.html.erb (1.2ms)
  Rendered /Users/Brendan/.rvm/gems/ruby-2.2.3@final_project/gems/actionpack-4.2.4/lib/action_dispatch/middleware/templates/rescues/diagnostics.html.erb within rescues/layout (83.3ms)
  Rendered /Users/Brendan/.rvm/gems/ruby-2.2.3@final_project/gems/web-console-2.2.1/lib/web_console/templates/_markup.html.erb (0.5ms)
  Rendered /Users/Brendan/.rvm/gems/ruby-2.2.3@final_project/gems/web-console-2.2.1/lib/web_console/templates/_inner_console_markup.html.erb within layouts/inlined_string (0.5ms)
  Rendered /Users/Brendan/.rvm/gems/ruby-2.2.3@final_project/gems/web-console-2.2.1/lib/web_console/templates/_prompt_box_markup.html.erb within layouts/inlined_string (0.4ms)
  Rendered /Users/Brendan/.rvm/gems/ruby-2.2.3@final_project/gems/web-console-2.2.1/lib/web_console/templates/style.css.erb within layouts/inlined_string (0.5ms)
  Rendered /Users/Brendan/.rvm/gems/ruby-2.2.3@final_project/gems/web-console-2.2.1/lib/web_console/templates/console.js.erb within layouts/javascript (76.7ms)
  Rendered /Users/Brendan/.rvm/gems/ruby-2.2.3@final_project/gems/web-console-2.2.1/lib/web_console/templates/main.js.erb within layouts/javascript (0.5ms)
  Rendered /Users/Brendan/.rvm/gems/ruby-2.2.3@final_project/gems/web-console-2.2.1/lib/web_console/templates/error_page.js.erb within layouts/javascript (0.7ms)
  Rendered /Users/Brendan/.rvm/gems/ruby-2.2.3@final_project/gems/web-console-2.2.1/lib/web_console/templates/index.html.erb (183.0ms)


Started GET "/" for ::1 at 2015-10-29 13:58:20 -0400
Processing by Rails::WelcomeController#index as HTML
  Rendered /Users/nshenkman/.rvm/gems/ruby-2.2.1/gems/railties-4.2.4/lib/rails/templates/rails/welcome/index.html.erb (1.5ms)
Completed 200 OK in 9ms (Views: 9.0ms | ActiveRecord: 0.0ms)
  [1m[36m (26.5ms)[0m  [1mCREATE TABLE `schema_migrations` (`version` varchar(255) NOT NULL) ENGINE=InnoDB[0m
  [1m[35m (24.6ms)[0m  CREATE UNIQUE INDEX `unique_schema_migrations`  ON `schema_migrations` (`version`) 
  [1m[36mActiveRecord::SchemaMigration Load (0.3ms)[0m  [1mSELECT `schema_migrations`.* FROM `schema_migrations`[0m
Migrating to AddStupidTable (20151029175848)
  [1m[35m (14.4ms)[0m  CREATE TABLE `stupid_table` (`id` int(11) auto_increment PRIMARY KEY, `name` varchar(255), `test` int(11), `created_at` datetime NOT NULL, `updated_at` datetime NOT NULL) ENGINE=InnoDB
  [1m[36m (0.2ms)[0m  [1mBEGIN[0m
  [1m[35mSQL (0.4ms)[0m  INSERT INTO `schema_migrations` (`version`) VALUES ('20151029175848')
  [1m[36m (0.2ms)[0m  [1mCOMMIT[0m
  [1m[35mActiveRecord::SchemaMigration Load (0.1ms)[0m  SELECT `schema_migrations`.* FROM `schema_migrations`
  [1m[36m (1.1ms)[0m  [1mSELECT fk.referenced_table_name as 'to_table'
      ,fk.referenced_column_name as 'primary_key'
      ,fk.column_name as 'column'
      ,fk.constraint_name as 'name'
FROM information_schema.key_column_usage fk
WHERE fk.referenced_column_name is not null
  AND fk.table_schema = 'final_project_development'
  AND fk.table_name = 'stupid_table'
[0m
  [1m[35m (0.1ms)[0m  SHOW CREATE TABLE `stupid_table`
  [1m[36mActiveRecord::SchemaMigration Load (0.1ms)[0m  [1mSELECT `schema_migrations`.* FROM `schema_migrations`[0m
Migrating to DropStupidTable (20151029180517)
  [1m[35m (1.5ms)[0m  DROP TABLE `stupid_table`
  [1m[36m (0.1ms)[0m  [1mBEGIN[0m
  [1m[35mSQL (0.2ms)[0m  INSERT INTO `schema_migrations` (`version`) VALUES ('20151029180517')
  [1m[36m (0.2ms)[0m  [1mCOMMIT[0m
  [1m[35mActiveRecord::SchemaMigration Load (0.1ms)[0m  SELECT `schema_migrations`.* FROM `schema_migrations`
  [1m[36m (101.1ms)[0m  [1mCREATE TABLE `schema_migrations` (`version` varchar(255) NOT NULL) ENGINE=InnoDB[0m
  [1m[35m (192.0ms)[0m  CREATE UNIQUE INDEX `unique_schema_migrations`  ON `schema_migrations` (`version`) 
  [1m[36mActiveRecord::SchemaMigration Load (81.4ms)[0m  [1mSELECT `schema_migrations`.* FROM `schema_migrations`[0m
Migrating to TestMigration (20151029182311)
  [1m[36mActiveRecord::SchemaMigration Load (82.6ms)[0m  [1mSELECT `schema_migrations`.* FROM `schema_migrations`[0m
Migrating to TestMigration (20151029182311)
  [1m[35m (98.5ms)[0m  CREATE TABLE `test` (`id` int(11) auto_increment PRIMARY KEY, `name` varchar(255), `description` text, `created_at` datetime NOT NULL, `updated_at` datetime NOT NULL) ENGINE=InnoDB
  [1m[36m (79.1ms)[0m  [1mBEGIN[0m
  [1m[35mSQL (79.7ms)[0m  INSERT INTO `schema_migrations` (`version`) VALUES ('20151029182311')
  [1m[36m (85.2ms)[0m  [1mCOMMIT[0m
  [1m[35mActiveRecord::SchemaMigration Load (93.6ms)[0m  SELECT `schema_migrations`.* FROM `schema_migrations`
  [1m[36m (79.6ms)[0m  [1mSELECT fk.referenced_table_name as 'to_table'
      ,fk.referenced_column_name as 'primary_key'
      ,fk.column_name as 'column'
      ,fk.constraint_name as 'name'
FROM information_schema.key_column_usage fk
WHERE fk.referenced_column_name is not null
  AND fk.table_schema = 'final_project_development'
  AND fk.table_name = 'test'
[0m
  [1m[35m (79.4ms)[0m  SHOW CREATE TABLE `test`
